<?xml version="1.0" encoding="UTF-8"?>
<testng-results ignored="0" total="3" passed="3" failed="0" skipped="0">
  <reporter-output>
  </reporter-output>
  <suite started-at="2023-07-20T23:38:53 IST" name="Suite" finished-at="2023-07-20T23:39:13 IST" duration-ms="19596">
    <groups>
    </groups>
    <test started-at="2023-07-20T23:38:53 IST" name="Test" finished-at="2023-07-20T23:39:13 IST" duration-ms="19596">
      <class name="test1.TC_login">
        <test-method signature="login_Test()[pri:0, instance:test1.TC_login@618425b5]" started-at="2023-07-20T23:38:53 IST" name="login_Test" finished-at="2023-07-20T23:39:13 IST" duration-ms="19488" status="PASS">
          <reporter-output>
          </reporter-output>
        </test-method> <!-- login_Test -->
      </class> <!-- test1.TC_login -->
      <class name="test1.Test_App">
        <test-method signature="testlogin1()[pri:0, instance:test1.Test_App@434a63ab]" started-at="2023-07-20T23:39:13 IST" name="testlogin1" finished-at="2023-07-20T23:39:13 IST" duration-ms="17" status="PASS">
          <reporter-output>
          </reporter-output>
        </test-method> <!-- testlogin1 -->
        <test-method signature="testlogin2()[pri:0, instance:test1.Test_App@434a63ab]" started-at="2023-07-20T23:39:13 IST" name="testlogin2" finished-at="2023-07-20T23:39:13 IST" duration-ms="3" status="PASS">
          <reporter-output>
          </reporter-output>
        </test-method> <!-- testlogin2 -->
      </class> <!-- test1.Test_App -->
    </test> <!-- Test -->
  </suite> <!-- Suite -->
</testng-results>
